# JRE version: OpenJDK Runtime Environment (8.0_242-b01) (build 1.8.0_242-release-1644-b01)
# Java VM: OpenJDK 64-Bit Server VM (25.242-b01 mixed mode windows-amd64 compressed oops)
Heap:
 PSYoungGen      total 330240K, used 138351K [0x00000000e0000000, 0x00000000f9500000, 0x0000000100000000)
  eden space 285696K, 32% used [0x00000000e0000000,0x00000000e5ba0f88,0x00000000f1700000)
  from space 44544K, 99% used [0x00000000f6900000,0x00000000f947af80,0x00000000f9480000)
  to   space 64512K, 0% used [0x00000000f1700000,0x00000000f1700000,0x00000000f5600000)
 ParOldGen       total 248832K, used 117084K [0x00000000a0000000, 0x00000000af300000, 0x00000000e0000000)
  object space 248832K, 47% used [0x00000000a0000000,0x00000000a72570b0,0x00000000af300000)
 Metaspace       used 90228K, capacity 93874K, committed 94168K, reserved 1130496K
  class space    used 11401K, capacity 12196K, committed 12288K, reserved 1048576K
GC Heap History (10 events):
Event: 15.110 GC heap before
{Heap before GC invocations=13 (full 3):
 PSYoungGen      total 254976K, used 252940K [0x00000000e0000000, 0x00000000f3e00000, 0x0000000100000000)
  eden space 230400K, 100% used [0x00000000e0000000,0x00000000ee100000,0x00000000ee100000)
  from space 24576K, 91% used [0x00000000ee100000,0x00000000ef703168,0x00000000ef900000)
  to   space 27136K, 0% used [0x00000000f2380000,0x00000000f2380000,0x00000000f3e00000)
 ParOldGen       total 248832K, used 40627K [0x00000000a0000000, 0x00000000af300000, 0x00000000e0000000)
  object space 248832K, 16% used [0x00000000a0000000,0x00000000a27acce0,0x00000000af300000)
 Metaspace       used 68664K, capacity 71570K, committed 71768K, reserved 1112064K
  class space    used 9166K, capacity 9770K, committed 9856K, reserved 1048576K
Event: 15.134 GC heap after
Heap after GC invocations=13 (full 3):
 PSYoungGen      total 290816K, used 27127K [0x00000000e0000000, 0x00000000f4a00000, 0x0000000100000000)
  eden space 263680K, 0% used [0x00000000e0000000,0x00000000e0000000,0x00000000f0180000)
  from space 27136K, 99% used [0x00000000f2380000,0x00000000f3dfdf58,0x00000000f3e00000)
  to   space 34816K, 0% used [0x00000000f0180000,0x00000000f0180000,0x00000000f2380000)
 ParOldGen       total 248832K, used 51723K [0x00000000a0000000, 0x00000000af300000, 0x00000000e0000000)
  object space 248832K, 20% used [0x00000000a0000000,0x00000000a3282f20,0x00000000af300000)
 Metaspace       used 68664K, capacity 71570K, committed 71768K, reserved 1112064K
  class space    used 9166K, capacity 9770K, committed 9856K, reserved 1048576K
}
Event: 262.408 GC heap before
{Heap before GC invocations=14 (full 3):
 PSYoungGen      total 290816K, used 290807K [0x00000000e0000000, 0x00000000f4a00000, 0x0000000100000000)
  eden space 263680K, 100% used [0x00000000e0000000,0x00000000f0180000,0x00000000f0180000)
  from space 27136K, 99% used [0x00000000f2380000,0x00000000f3dfdf58,0x00000000f3e00000)
  to   space 34816K, 0% used [0x00000000f0180000,0x00000000f0180000,0x00000000f2380000)
 ParOldGen       total 248832K, used 51723K [0x00000000a0000000, 0x00000000af300000, 0x00000000e0000000)
  object space 248832K, 20% used [0x00000000a0000000,0x00000000a3282f20,0x00000000af300000)
 Metaspace       used 76112K, capacity 79318K, committed 79576K, reserved 1118208K
  class space    used 9763K, capacity 10486K, committed 10496K, reserved 1048576K
Event: 262.507 GC heap after
Heap after GC invocations=14 (full 3):
 PSYoungGen      total 298496K, used 34812K [0x00000000e0000000, 0x00000000f7700000, 0x0000000100000000)
  eden space 263680K, 0% used [0x00000000e0000000,0x00000000e0000000,0x00000000f0180000)
  from space 34816K, 99% used [0x00000000f0180000,0x00000000f237f138,0x00000000f2380000)
  to   space 42496K, 0% used [0x00000000f4d80000,0x00000000f4d80000,0x00000000f7700000)
 ParOldGen       total 248832K, used 58945K [0x00000000a0000000, 0x00000000af300000, 0x00000000e0000000)
  object space 248832K, 23% used [0x00000000a0000000,0x00000000a3990748,0x00000000af300000)
 Metaspace       used 76112K, capacity 79318K, committed 79576K, reserved 1118208K
  class space    used 9763K, capacity 10486K, committed 10496K, reserved 1048576K
}
Event: 275.308 GC heap before
{Heap before GC invocations=15 (full 3):
 PSYoungGen      total 298496K, used 298492K [0x00000000e0000000, 0x00000000f7700000, 0x0000000100000000)
  eden space 263680K, 100% used [0x00000000e0000000,0x00000000f0180000,0x00000000f0180000)
  from space 34816K, 99% used [0x00000000f0180000,0x00000000f237f138,0x00000000f2380000)
  to   space 42496K, 0% used [0x00000000f4d80000,0x00000000f4d80000,0x00000000f7700000)
 ParOldGen       total 248832K, used 58945K [0x00000000a0000000, 0x00000000af300000, 0x00000000e0000000)
  object space 248832K, 23% used [0x00000000a0000000,0x00000000a3990748,0x00000000af300000)
 Metaspace       used 77029K, capacity 80304K, committed 80472K, reserved 1120256K
  class space    used 9854K, capacity 10575K, committed 10624K, reserved 1048576K
Event: 275.361 GC heap after
Heap after GC invocations=15 (full 3):
 PSYoungGen      total 328192K, used 18222K [0x00000000e0000000, 0x00000000f6e80000, 0x0000000100000000)
  eden space 294400K, 0% used [0x00000000e0000000,0x00000000e0000000,0x00000000f1f80000)
  from space 33792K, 53% used [0x00000000f4d80000,0x00000000f5f4b8c8,0x00000000f6e80000)
  to   space 40448K, 0% used [0x00000000f1f80000,0x00000000f1f80000,0x00000000f4700000)
 ParOldGen       total 248832K, used 80857K [0x00000000a0000000, 0x00000000af300000, 0x00000000e0000000)
  object space 248832K, 32% used [0x00000000a0000000,0x00000000a4ef6750,0x00000000af300000)
 Metaspace       used 77029K, capacity 80304K, committed 80472K, reserved 1120256K
  class space    used 9854K, capacity 10575K, committed 10624K, reserved 1048576K
}
Event: 312.331 GC heap before
{Heap before GC invocations=16 (full 3):
 PSYoungGen      total 328192K, used 312622K [0x00000000e0000000, 0x00000000f6e80000, 0x0000000100000000)
  eden space 294400K, 100% used [0x00000000e0000000,0x00000000f1f80000,0x00000000f1f80000)
  from space 33792K, 53% used [0x00000000f4d80000,0x00000000f5f4b8c8,0x00000000f6e80000)
  to   space 40448K, 0% used [0x00000000f1f80000,0x00000000f1f80000,0x00000000f4700000)
 ParOldGen       total 248832K, used 80857K [0x00000000a0000000, 0x00000000af300000, 0x00000000e0000000)
  object space 248832K, 32% used [0x00000000a0000000,0x00000000a4ef6750,0x00000000af300000)
 Metaspace       used 80716K, capacity 84168K, committed 84312K, reserved 1122304K
  class space    used 10335K, capacity 11101K, committed 11136K, reserved 1048576K
Event: 312.480 GC heap after
Heap after GC invocations=16 (full 3):
 PSYoungGen      total 334848K, used 36808K [0x00000000e0000000, 0x00000000f9480000, 0x0000000100000000)
  eden space 294400K, 0% used [0x00000000e0000000,0x00000000e0000000,0x00000000f1f80000)
  from space 40448K, 91% used [0x00000000f1f80000,0x00000000f4372348,0x00000000f4700000)
  to   space 44544K, 0% used [0x00000000f6900000,0x00000000f6900000,0x00000000f9480000)
 ParOldGen       total 248832K, used 80865K [0x00000000a0000000, 0x00000000af300000, 0x00000000e0000000)
  object space 248832K, 32% used [0x00000000a0000000,0x00000000a4ef8750,0x00000000af300000)
 Metaspace       used 80716K, capacity 84168K, committed 84312K, reserved 1122304K
  class space    used 10335K, capacity 11101K, committed 11136K, reserved 1048576K
}
Event: 365.757 GC heap before
{Heap before GC invocations=17 (full 3):
 PSYoungGen      total 334848K, used 331208K [0x00000000e0000000, 0x00000000f9480000, 0x0000000100000000)
  eden space 294400K, 100% used [0x00000000e0000000,0x00000000f1f80000,0x00000000f1f80000)
  from space 40448K, 91% used [0x00000000f1f80000,0x00000000f4372348,0x00000000f4700000)
  to   space 44544K, 0% used [0x00000000f6900000,0x00000000f6900000,0x00000000f9480000)
 ParOldGen       total 248832K, used 80865K [0x00000000a0000000, 0x00000000af300000, 0x00000000e0000000)
  object space 248832K, 32% used [0x00000000a0000000,0x00000000a4ef8750,0x00000000af300000)
 Metaspace       used 88241K, capacity 91774K, committed 91992K, reserved 1128448K
  class space    used 11266K, capacity 12042K, committed 12160K, reserved 1048576K
Event: 365.838 GC heap after
Heap after GC invocations=17 (full 3):
 PSYoungGen      total 330240K, used 44523K [0x00000000e0000000, 0x00000000f9500000, 0x0000000100000000)
  eden space 285696K, 0% used [0x00000000e0000000,0x00000000e0000000,0x00000000f1700000)
  from space 44544K, 99% used [0x00000000f6900000,0x00000000f947af80,0x00000000f9480000)
  to   space 64512K, 0% used [0x00000000f1700000,0x00000000f1700000,0x00000000f5600000)
 ParOldGen       total 248832K, used 117084K [0x00000000a0000000, 0x00000000af300000, 0x00000000e0000000)
  object space 248832K, 47% used [0x00000000a0000000,0x00000000a72570b0,0x00000000af300000)
 Metaspace       used 88241K, capacity 91774K, committed 91992K, reserved 1128448K
  class space    used 11266K, capacity 12042K, committed 12160K, reserved 1048576K
}

