# JRE version: OpenJDK Runtime Environment (8.0_242-b01) (build 1.8.0_242-release-1644-b01)
# Java VM: OpenJDK 64-Bit Server VM (25.242-b01 mixed mode windows-amd64 compressed oops)
Heap:
 PSYoungGen      total 112640K, used 53439K [0x00000000e0000000, 0x00000000e7e00000, 0x0000000100000000)
  eden space 100352K, 53% used [0x00000000e0000000,0x00000000e342ff38,0x00000000e6200000)
  from space 12288K, 0% used [0x00000000e6f00000,0x00000000e6f00000,0x00000000e7b00000)
  to   space 13312K, 0% used [0x00000000e6200000,0x00000000e6200000,0x00000000e6f00000)
 ParOldGen       total 176128K, used 18353K [0x00000000a0000000, 0x00000000aac00000, 0x00000000e0000000)
  object space 176128K, 10% used [0x00000000a0000000,0x00000000a11ec7b8,0x00000000aac00000)
 Metaspace       used 42229K, capacity 43132K, committed 43352K, reserved 1089536K
  class space    used 5693K, capacity 5932K, committed 6016K, reserved 1048576K
GC Heap History (10 events):
Event: 4.186 GC heap before
{Heap before GC invocations=4 (full 1):
 PSYoungGen      total 75776K, used 10735K [0x00000000e0000000, 0x00000000e5480000, 0x0000000100000000)
  eden space 65024K, 0% used [0x00000000e0000000,0x00000000e0000000,0x00000000e3f80000)
  from space 10752K, 99% used [0x00000000e3f80000,0x00000000e49fbe48,0x00000000e4a00000)
  to   space 10752K, 0% used [0x00000000e4a00000,0x00000000e4a00000,0x00000000e5480000)
 ParOldGen       total 173568K, used 1099K [0x00000000a0000000, 0x00000000aa980000, 0x00000000e0000000)
  object space 173568K, 0% used [0x00000000a0000000,0x00000000a0112cf8,0x00000000aa980000)
 Metaspace       used 20732K, capacity 21168K, committed 21248K, reserved 1067008K
  class space    used 2912K, capacity 3062K, committed 3072K, reserved 1048576K
Event: 4.221 GC heap after
Heap after GC invocations=4 (full 1):
 PSYoungGen      total 75776K, used 0K [0x00000000e0000000, 0x00000000e5480000, 0x0000000100000000)
  eden space 65024K, 0% used [0x00000000e0000000,0x00000000e0000000,0x00000000e3f80000)
  from space 10752K, 0% used [0x00000000e3f80000,0x00000000e3f80000,0x00000000e4a00000)
  to   space 10752K, 0% used [0x00000000e4a00000,0x00000000e4a00000,0x00000000e5480000)
 ParOldGen       total 107520K, used 11440K [0x00000000a0000000, 0x00000000a6900000, 0x00000000e0000000)
  object space 107520K, 10% used [0x00000000a0000000,0x00000000a0b2c170,0x00000000a6900000)
 Metaspace       used 20732K, capacity 21168K, committed 21248K, reserved 1067008K
  class space    used 2912K, capacity 3062K, committed 3072K, reserved 1048576K
}
Event: 5.066 GC heap before
{Heap before GC invocations=5 (full 1):
 PSYoungGen      total 75776K, used 65024K [0x00000000e0000000, 0x00000000e5480000, 0x0000000100000000)
  eden space 65024K, 100% used [0x00000000e0000000,0x00000000e3f80000,0x00000000e3f80000)
  from space 10752K, 0% used [0x00000000e3f80000,0x00000000e3f80000,0x00000000e4a00000)
  to   space 10752K, 0% used [0x00000000e4a00000,0x00000000e4a00000,0x00000000e5480000)
 ParOldGen       total 107520K, used 11440K [0x00000000a0000000, 0x00000000a6900000, 0x00000000e0000000)
  object space 107520K, 10% used [0x00000000a0000000,0x00000000a0b2c170,0x00000000a6900000)
 Metaspace       used 28572K, capacity 29020K, committed 29440K, reserved 1075200K
  class space    used 3845K, capacity 4007K, committed 4096K, reserved 1048576K
Event: 5.071 GC heap after
Heap after GC invocations=5 (full 1):
 PSYoungGen      total 75776K, used 7866K [0x00000000e0000000, 0x00000000e7580000, 0x0000000100000000)
  eden space 65024K, 0% used [0x00000000e0000000,0x00000000e0000000,0x00000000e3f80000)
  from space 10752K, 73% used [0x00000000e4a00000,0x00000000e51aeb48,0x00000000e5480000)
  to   space 10752K, 0% used [0x00000000e3f80000,0x00000000e3f80000,0x00000000e4a00000)
 ParOldGen       total 107520K, used 11448K [0x00000000a0000000, 0x00000000a6900000, 0x00000000e0000000)
  object space 107520K, 10% used [0x00000000a0000000,0x00000000a0b2e170,0x00000000a6900000)
 Metaspace       used 28572K, capacity 29020K, committed 29440K, reserved 1075200K
  class space    used 3845K, capacity 4007K, committed 4096K, reserved 1048576K
}
Event: 5.625 GC heap before
{Heap before GC invocations=6 (full 1):
 PSYoungGen      total 75776K, used 72890K [0x00000000e0000000, 0x00000000e7580000, 0x0000000100000000)
  eden space 65024K, 100% used [0x00000000e0000000,0x00000000e3f80000,0x00000000e3f80000)
  from space 10752K, 73% used [0x00000000e4a00000,0x00000000e51aeb48,0x00000000e5480000)
  to   space 10752K, 0% used [0x00000000e3f80000,0x00000000e3f80000,0x00000000e4a00000)
 ParOldGen       total 107520K, used 11448K [0x00000000a0000000, 0x00000000a6900000, 0x00000000e0000000)
  object space 107520K, 10% used [0x00000000a0000000,0x00000000a0b2e170,0x00000000a6900000)
 Metaspace       used 31662K, capacity 32176K, committed 32512K, reserved 1077248K
  class space    used 4353K, capacity 4527K, committed 4608K, reserved 1048576K
Event: 5.634 GC heap after
Heap after GC invocations=6 (full 1):
 PSYoungGen      total 75776K, used 8917K [0x00000000e0000000, 0x00000000e7b00000, 0x0000000100000000)
  eden space 65024K, 0% used [0x00000000e0000000,0x00000000e0000000,0x00000000e3f80000)
  from space 10752K, 82% used [0x00000000e3f80000,0x00000000e4835478,0x00000000e4a00000)
  to   space 12288K, 0% used [0x00000000e6f00000,0x00000000e6f00000,0x00000000e7b00000)
 ParOldGen       total 107520K, used 11456K [0x00000000a0000000, 0x00000000a6900000, 0x00000000e0000000)
  object space 107520K, 10% used [0x00000000a0000000,0x00000000a0b30170,0x00000000a6900000)
 Metaspace       used 31662K, capacity 32176K, committed 32512K, reserved 1077248K
  class space    used 4353K, capacity 4527K, committed 4608K, reserved 1048576K
}
Event: 6.488 GC heap before
{Heap before GC invocations=7 (full 1):
 PSYoungGen      total 75776K, used 67292K [0x00000000e0000000, 0x00000000e7b00000, 0x0000000100000000)
  eden space 65024K, 89% used [0x00000000e0000000,0x00000000e3901ca0,0x00000000e3f80000)
  from space 10752K, 82% used [0x00000000e3f80000,0x00000000e4835478,0x00000000e4a00000)
  to   space 12288K, 0% used [0x00000000e6f00000,0x00000000e6f00000,0x00000000e7b00000)
 ParOldGen       total 107520K, used 11456K [0x00000000a0000000, 0x00000000a6900000, 0x00000000e0000000)
  object space 107520K, 10% used [0x00000000a0000000,0x00000000a0b30170,0x00000000a6900000)
 Metaspace       used 34553K, capacity 35350K, committed 35416K, reserved 1079296K
  class space    used 4745K, capacity 4952K, committed 4992K, reserved 1048576K
Event: 6.499 GC heap after
Heap after GC invocations=7 (full 1):
 PSYoungGen      total 112640K, used 11688K [0x00000000e0000000, 0x00000000e7e00000, 0x0000000100000000)
  eden space 100352K, 0% used [0x00000000e0000000,0x00000000e0000000,0x00000000e6200000)
  from space 12288K, 95% used [0x00000000e6f00000,0x00000000e7a6a0a8,0x00000000e7b00000)
  to   space 13312K, 0% used [0x00000000e6200000,0x00000000e6200000,0x00000000e6f00000)
 ParOldGen       total 107520K, used 11464K [0x00000000a0000000, 0x00000000a6900000, 0x00000000e0000000)
  object space 107520K, 10% used [0x00000000a0000000,0x00000000a0b32170,0x00000000a6900000)
 Metaspace       used 34553K, capacity 35350K, committed 35416K, reserved 1079296K
  class space    used 4745K, capacity 4952K, committed 4992K, reserved 1048576K
}
Event: 6.500 GC heap before
{Heap before GC invocations=8 (full 2):
 PSYoungGen      total 112640K, used 11688K [0x00000000e0000000, 0x00000000e7e00000, 0x0000000100000000)
  eden space 100352K, 0% used [0x00000000e0000000,0x00000000e0000000,0x00000000e6200000)
  from space 12288K, 95% used [0x00000000e6f00000,0x00000000e7a6a0a8,0x00000000e7b00000)
  to   space 13312K, 0% used [0x00000000e6200000,0x00000000e6200000,0x00000000e6f00000)
 ParOldGen       total 107520K, used 11464K [0x00000000a0000000, 0x00000000a6900000, 0x00000000e0000000)
  object space 107520K, 10% used [0x00000000a0000000,0x00000000a0b32170,0x00000000a6900000)
 Metaspace       used 34553K, capacity 35350K, committed 35416K, reserved 1079296K
  class space    used 4745K, capacity 4952K, committed 4992K, reserved 1048576K
Event: 6.578 GC heap after
Heap after GC invocations=8 (full 2):
 PSYoungGen      total 112640K, used 0K [0x00000000e0000000, 0x00000000e7e00000, 0x0000000100000000)
  eden space 100352K, 0% used [0x00000000e0000000,0x00000000e0000000,0x00000000e6200000)
  from space 12288K, 0% used [0x00000000e6f00000,0x00000000e6f00000,0x00000000e7b00000)
  to   space 13312K, 0% used [0x00000000e6200000,0x00000000e6200000,0x00000000e6f00000)
 ParOldGen       total 176128K, used 18353K [0x00000000a0000000, 0x00000000aac00000, 0x00000000e0000000)
  object space 176128K, 10% used [0x00000000a0000000,0x00000000a11ec7b8,0x00000000aac00000)
 Metaspace       used 34512K, capacity 35212K, committed 35416K, reserved 1079296K
  class space    used 4732K, capacity 4929K, committed 4992K, reserved 1048576K
}

